<?xml version="1.0" encoding="UTF-8"?>
<testsuite xmlns:xsi="http://www.w3.org/2001/XMLSchema-instance" xsi:noNamespaceSchemaLocation="https://maven.apache.org/surefire/maven-surefire-plugin/xsd/surefire-test-report.xsd" name="com.ims.inventory.model.InventoryTest" time="0.01" tests="5" errors="0" skipped="0" failures="0">
  <properties>
[...]
</properties>
  <testcase name="testInventory" classname="com.ims.inventory.model.InventoryTest" time="0"/>
  <testcase name="testToString" classname="com.ims.inventory.model.InventoryTest" time="0"/>
  <testcase name="testEqualsObject" classname="com.ims.inventory.model.InventoryTest" time="0"/>
  <testcase name="testCanEqual" classname="com.ims.inventory.model.InventoryTest" time="0"/>
  <testcase name="testHashCode" classname="com.ims.inventory.model.InventoryTest" time="0.001"/>
</testsuite>